============================= test session starts =============================
platform win32 -- Python 3.12.10, pytest-9.1.1, pluggy-1.6.0 -- C:\Users\KIIT0001\VS CODE\FLyRankAI\CapstoneProjects\AI Image Understanding\AI_Image_Understanding\.venv\Scripts\python.exe
cachedir: .pytest_cache
rootdir: C:\Users\KIIT0001\VS CODE\FLyRankAI\CapstoneProjects\AI Image Understanding\AI_Image_Understanding
plugins: anyio-4.15.1
collecting ... collected 55 items

tests/test_api_validation.py::test_review_rejects_unknown_action PASSED  [  1%]
tests/test_api_validation.py::test_review_requires_idempotency_key PASSED [  3%]
tests/test_api_validation.py::test_review_rejects_short_idempotency_key PASSED [  5%]
tests/test_api_validation.py::test_review_rejects_extra_fields PASSED    [  7%]
tests/test_api_validation.py::test_review_rejects_long_note PASSED       [  9%]
tests/test_api_validation.py::test_bad_path_params[/jobs/0] PASSED       [ 10%]
tests/test_api_validation.py::test_bad_path_params[/images/abc] PASSED   [ 12%]
tests/test_api_validation.py::test_bad_path_params[/suggestions/-1] PASSED [ 14%]
tests/test_api_validation.py::test_bad_path_params[/posts/Bad_Slug!/images] PASSED [ 16%]
tests/test_api_validation.py::test_bad_image_queries[limit=0] PASSED     [ 18%]
tests/test_api_validation.py::test_bad_image_queries[limit=501] PASSED   [ 20%]
tests/test_api_validation.py::test_bad_image_queries[status=weird] PASSED [ 21%]
tests/test_api_validation.py::test_bad_image_queries[subject=unicorn] PASSED [ 23%]
tests/test_api_validation.py::test_bad_image_queries[offset=-1] PASSED   [ 25%]
tests/test_api_validation.py::test_tag_job_body_validation PASSED        [ 27%]
tests/test_api_validation.py::test_embed_job_kind_validation PASSED      [ 29%]
tests/test_budget.py::test_budget_guard_blocks_at_limit PASSED           [ 30%]
tests/test_budget.py::test_budget_guard_allows_below_limit PASSED        [ 32%]
tests/test_budget.py::test_estimate_cost_known_and_unknown_model PASSED  [ 34%]
tests/test_embeddings.py::test_normalize_unit_length PASSED              [ 36%]
tests/test_embeddings.py::test_normalize_rejects_zero_vector PASSED      [ 38%]
tests/test_embeddings.py::test_text_hash_stable_and_sensitive PASSED     [ 40%]
tests/test_embeddings.py::test_estimate_tokens_minimum_one PASSED        [ 41%]
tests/test_error_classification.py::test_classify_api_error[429 RESOURCE_EXHAUSTED {'quotaId': 'GenerateRequestsPerDayPerProjectPerModel-FreeTier'}-quota_daily] PASSED [ 43%]
tests/test_error_classification.py::test_classify_api_error[429 RESOURCE_EXHAUSTED {'quotaId': 'GenerateRequestsPerMinutePerProjectPerModel-FreeTier'}-rate_limit] PASSED [ 45%]
tests/test_error_classification.py::test_classify_api_error[503 UNAVAILABLE. This model is currently experiencing high demand.-transient] PASSED [ 47%]
tests/test_error_classification.py::test_classify_api_error[400 INVALID_ARGUMENT. Unsupported model.-other] PASSED [ 49%]
tests/test_error_classification.py::test_quota_id_is_extracted PASSED    [ 50%]
tests/test_guard.py::test_wolf_rejected_on_fox_post_with_explanation PASSED [ 52%]
tests/test_guard.py::test_fox_accepted_on_fox_post PASSED                [ 54%]
tests/test_guard.py::test_dog_rejected_on_fox_post PASSED                [ 56%]
tests/test_guard.py::test_red_fox_rejected_on_arctic_fox_post PASSED     [ 58%]
tests/test_guard.py::test_flagged_image_rejected PASSED                  [ 60%]
tests/test_guard.py::test_below_threshold_rejected_with_three_decimals PASSED [ 61%]
tests/test_guard.py::test_antelope_is_not_deer PASSED                    [ 63%]
tests/test_guard.py::test_other_post_rejects_known_animal PASSED         [ 65%]
tests/test_guard.py::test_other_post_needs_stricter_bar PASSED           [ 67%]
tests/test_guard.py::test_first_accepted_candidate_is_suggested PASSED   [ 69%]
tests/test_guard.py::test_no_confident_match_explains_every_candidate PASSED [ 70%]
tests/test_guard.py::test_empty_candidates PASSED                        [ 72%]
tests/test_guard.py::test_top_k_limits_evaluation PASSED                 [ 74%]
tests/test_vision_schema.py::test_valid_payload_accepted PASSED          [ 76%]
tests/test_vision_schema.py::test_malformed_output_rejected[not json] PASSED [ 78%]
tests/test_vision_schema.py::test_malformed_output_rejected[] PASSED     [ 80%]
tests/test_vision_schema.py::test_malformed_output_rejected[{"subject": "fox"}] PASSED [ 81%]
tests/test_vision_schema.py::test_malformed_output_rejected[[]] PASSED   [ 83%]
tests/test_vision_schema.py::test_invalid_fields_rejected[patch0] PASSED [ 85%]
tests/test_vision_schema.py::test_invalid_fields_rejected[patch1] PASSED [ 87%]
tests/test_vision_schema.py::test_invalid_fields_rejected[patch2] PASSED [ 89%]
tests/test_vision_schema.py::test_invalid_fields_rejected[patch3] PASSED [ 90%]
tests/test_vision_schema.py::test_invalid_fields_rejected[patch4] PASSED [ 92%]
tests/test_vision_schema.py::test_invalid_fields_rejected[patch5] PASSED [ 94%]
tests/test_vision_schema.py::test_invalid_fields_rejected[patch6] PASSED [ 96%]
tests/test_vision_schema.py::test_animal_subject_requires_animal_category PASSED [ 98%]
tests/test_vision_schema.py::test_attributes_normalised_and_deduped PASSED [100%]

============================== warnings summary ===============================
.venv\Lib\site-packages\fastapi\testclient.py:1
  C:\Users\KIIT0001\VS CODE\FLyRankAI\CapstoneProjects\AI Image Understanding\AI_Image_Understanding\.venv\Lib\site-packages\fastapi\testclient.py:1: StarletteDeprecationWarning: Using `httpx` with `starlette.testclient` is deprecated; install `httpx2` instead.
    from starlette.testclient import TestClient as TestClient  # noqa

.venv\Lib\site-packages\starlette\testclient.py:53
  C:\Users\KIIT0001\VS CODE\FLyRankAI\CapstoneProjects\AI Image Understanding\AI_Image_Understanding\.venv\Lib\site-packages\starlette\testclient.py:53: DeprecationWarning: The anyio.abc.BlockingPortal alias is deprecated, use anyio.from_thread.BlockingPortal instead.
    _PortalFactoryType = Callable[[], AbstractContextManager[anyio.abc.BlockingPortal]]

-- Docs: https://docs.pytest.org/en/stable/how-to/capture-warnings.html
======================= 55 passed, 2 warnings in 1.38s ========================